<?xml version="1.0" encoding="UTF-8"?>
<!-- Generated by org.testng.reporters.JUnitReportReporter -->
<testsuite hostname="Sarovar" failures="0" tests="1" name="amazontestproject1.TestCase2" time="31.840" errors="0" timestamp="2025-04-03T09:54:11 EDT" skipped="0">
  <testcase classname="amazontestproject1.TestCase2" name="login_search_wishlist_removefromcart_logout" time="31.840"/>
  <system-out/>
</testsuite> <!-- amazontestproject1.TestCase2 -->
