<?xml version="1.0" encoding="UTF-8"?>
<!-- Generated by org.testng.reporters.JUnitReportReporter -->
<testsuite hostname="Sarovar" failures="0" tests="1" name="amazontestproject2.TC4_editprofileinformation" time="38.154" errors="0" timestamp="2025-04-02T10:33:35 EDT" skipped="0">
  <testcase classname="amazontestproject2.TC4_editprofileinformation" name="Accountandlists_signin_editprofile" time="38.154"/>
  <system-out/>
</testsuite> <!-- amazontestproject2.TC4_editprofileinformation -->
