<?xml version="1.0" encoding="UTF-8"?>
<!-- Generated by org.testng.reporters.JUnitReportReporter -->
<testsuite hostname="Sarovar" failures="0" tests="1" name="amazontestproject2.TC5_searchforshoe" time="17.502" errors="0" timestamp="2025-04-02T06:48:01 EDT" skipped="0">
  <testcase classname="amazontestproject2.TC5_searchforshoe" name="login_search_shoe" time="17.502"/>
  <system-out/>
</testsuite> <!-- amazontestproject2.TC5_searchforshoe -->
