<?xml version="1.0" encoding="UTF-8"?>
<!-- Generated by org.testng.reporters.JUnitReportReporter -->
<testsuite hostname="Sarovar" failures="0" tests="1" name="amazontestproject2.TC3" time="18.265" errors="0" timestamp="2025-03-31T10:52:56 EDT" skipped="0">
  <testcase classname="amazontestproject2.TC3" name="loginsuccess_email_password" time="18.265"/>
  <system-out/>
</testsuite> <!-- amazontestproject2.TC3 -->
