<?xml version="1.0" encoding="UTF-8"?>
<!-- Generated by org.testng.reporters.JUnitReportReporter -->
<testsuite hostname="Sarovar" failures="0" tests="1" name="amazontestproject1.TestCase1" time="37.249" errors="0" timestamp="2025-04-03T09:54:11 EDT" skipped="0">
  <testcase classname="amazontestproject1.TestCase1" name="login_search_wishlist_cart_logout" time="37.249"/>
  <system-out/>
</testsuite> <!-- amazontestproject1.TestCase1 -->
