<?xml version="1.0" encoding="UTF-8"?>
<!-- Generated by org.testng.reporters.JUnitReportReporter -->
<testsuite hostname="Sarovar" failures="0" tests="1" name="amazontestproject2.TC1" time="13.237" errors="0" timestamp="2025-03-31T14:25:04 EDT" skipped="0">
  <testcase classname="amazontestproject2.TC1" name="signin_createaccount" time="13.237"/>
  <system-out/>
</testsuite> <!-- amazontestproject2.TC1 -->
