<?xml version="1.0" encoding="UTF-8"?>
<!-- Generated by org.testng.reporters.JUnitReportReporter -->
<testsuite hostname="Sarovar" failures="0" tests="1" name="amazontestproject2.TC1__newuserregister" time="13.413" errors="0" timestamp="2025-04-02T10:45:46 EDT" skipped="0">
  <testcase classname="amazontestproject2.TC1__newuserregister" name="signin_createaccount" time="13.413"/>
  <system-out/>
</testsuite> <!-- amazontestproject2.TC1__newuserregister -->
