<?xml version="1.0" encoding="UTF-8"?>
<!-- Generated by org.testng.reporters.JUnitReportReporter -->
<testsuite hostname="Sarovar" failures="0" tests="1" name="amazontestproject2.TC3_loginfails" time="12.433" errors="0" timestamp="2025-04-03T09:27:30 EDT" skipped="0">
  <testcase classname="amazontestproject2.TC3_loginfails" name="loginfails_email_incorrectpassword" time="12.433"/>
  <system-out/>
</testsuite> <!-- amazontestproject2.TC3_loginfails -->
