<?xml version="1.0" encoding="UTF-8"?>
<!-- Generated by org.testng.reporters.JUnitReportReporter -->
<testsuite hostname="Sarovar" failures="0" tests="1" name="mavenproject.amazonproject.TestCase1" time="52.357" errors="0" timestamp="2025-03-31T07:11:46 EDT" skipped="0">
  <testcase classname="mavenproject.amazonproject.TestCase1" name="login_search_wishlist_cart_logout" time="52.357"/>
</testsuite> <!-- mavenproject.amazonproject.TestCase1 -->
